<?xml version="1.0" encoding="UTF-8"?>
<testng-results ignored="0" total="1" passed="1" failed="0" skipped="0">
  <reporter-output>
  </reporter-output>
  <suite started-at="2022-11-29T23:23:17 IST" name="Default suite" finished-at="2022-11-29T23:23:17 IST" duration-ms="40">
    <groups>
    </groups>
    <test started-at="2022-11-29T23:23:17 IST" name="Default test" finished-at="2022-11-29T23:23:17 IST" duration-ms="40">
      <class name="day1.HelloWorld">
        <test-method signature="Test1()[pri:0, instance:day1.HelloWorld@581ac8a8]" started-at="2022-11-29T23:23:17 IST" name="Test1" finished-at="2022-11-29T23:23:17 IST" duration-ms="11" status="PASS">
          <reporter-output>
          </reporter-output>
        </test-method> <!-- Test1 -->
      </class> <!-- day1.HelloWorld -->
    </test> <!-- Default test -->
  </suite> <!-- Default suite -->
</testng-results>
